commit 5050d836a635f941f7c7b840905f446bd7c93f92
Merge: 66f5ecf c1b7e57
Author: Courtney Austin <caustin@cs.utexas.edu>
Date:   Thu Mar 23 20:26:54 2017 -0500

    Merge branch 'master' of https://github.com/humflelump/humflelump.github.io
    
    Performing git pull

commit 66f5ecfcc767b1b70e10839e3b59a03f520ce900
Author: Courtney Austin <caustin@cs.utexas.edu>
Date:   Thu Mar 23 20:26:24 2017 -0500

    Fixing link that enables visitors to read about album when album cover is clicked

commit c1b7e57a68358e133769ff01bac4e942259831d4
Author: Lauren Kagetsu <lkagetsu@utexas.edu>
Date:   Thu Mar 23 20:24:50 2017 -0500

    edit

commit e5295088930ffb054aecdd3921e1dde7ce82d288
Author: Lauren Kagetsu <lkagetsu@utexas.edu>
Date:   Thu Mar 23 20:11:26 2017 -0500

    none

commit dabaa62e8685b9462c69f7fdc484200222677382
Author: IanPhilips <iansp@utexas.edu>
Date:   Thu Mar 23 19:55:23 2017 -0500

    added links to the bands that exemplify each genre

commit 061e28e720c4e3ef4f19609492f79072199e64f1
Author: Courtney Austin <caustin@cs.utexas.edu>
Date:   Thu Mar 23 19:24:03 2017 -0500

    Adding all chnages made to the band,the beatles, the roots, and jackson five pages.

commit 5a3b68abba00b251a0943cdd174b3b63c33e75e8
Author: Courtney Austin <caustin@cs.utexas.edu>
Date:   Thu Mar 23 19:20:46 2017 -0500

    Adding images of albums and artists for band pages

commit d9bab2b0e308b30ea258803f079864d4adba5a97
Merge: 6749108 a483608
Author: Courtney Austin <caustin@cs.utexas.edu>
Date:   Thu Mar 23 19:18:16 2017 -0500

    Merge branch 'master' of https://github.com/humflelump/humflelump.github.io
    i
    performing git pull to update directory

commit 6749108b78e46cabd30df87ba98a4c44dab4e0d6
Author: Courtney Austin <caustin@cs.utexas.edu>
Date:   Thu Mar 23 19:17:43 2017 -0500

    Adding bandpage.css and editing band_table.css

commit a483608585da765794746e869fcc13b781e62ffc
Author: Mark Metzger <markmetzger@utexas.edu>
Date:   Thu Mar 23 19:14:47 2017 -0500

    added content to splash screen

commit e216f4c270bda2072d276d0da9b7dba6d371b69d
Author: Fernando Ruiz <fernando.ruiz320@utexas.edu>
Date:   Thu Mar 23 17:20:56 2017 -0500

    added links to appropriate Genres and Bands to the Label pages

commit ad3d0e84f55e5f7981671fbdca2a13047d5d0832
Author: Fernando Ruiz <fernando.ruiz320@utexas.edu>
Date:   Thu Mar 23 16:10:16 2017 -0500

    updated labels pages

commit 7484cc361335f24f2aa0fa5be77f38e938f7694e
Author: Mark Metzger <markmetzger@utexas.edu>
Date:   Thu Mar 23 15:18:08 2017 -0500

    added links to bands

commit 82ff5dc666d5ab20158c560772526511ef777b5d
Author: Courtney Austin <caustin@cs.utexas.edu>
Date:   Thu Mar 23 15:10:05 2017 -0500

     Checking changes

commit 7c2c65d7fbcecd8906d09fd51358cb0c7abda9e1
Author: Courtney Austin <caustin@cs.utexas.edu>
Date:   Thu Mar 23 15:07:18 2017 -0500

    Adding videos to band pages

commit ffd2c954400105b9a9030a1a6e5784f15a135a0e
Author: Courtney Austin <caustin@cs.utexas.edu>
Date:   Thu Mar 23 14:53:39 2017 -0500

    Deleting heading of beatles page

commit e61e537316f9a3916eebff159f3ee34867826fe7
Author: Courtney Austin <caustin@cs.utexas.edu>
Date:   Thu Mar 23 14:51:43 2017 -0500

    Adding all pic changes to band page

commit 1bf769682df5bae0a8616e75925d459b8584dd83
Author: Courtney Austin <caustin@cs.utexas.edu>
Date:   Thu Mar 23 14:42:21 2017 -0500

    Adding the band's pictures to the files

commit 538c93e62fdeb9ee5df0a734b10cd65c8992db20
Author: Courtney Austin <caustin@cs.utexas.edu>
Date:   Thu Mar 23 14:33:57 2017 -0500

    Changing text color and background

commit 960edf62523c373e043c98766a87663f17fa3826
Author: Courtney Austin <caustin@cs.utexas.edu>
Date:   Thu Mar 23 14:25:58 2017 -0500

    Changes to file

commit 2715205990738587647b13f31b3d5c470034b5dd
Author: Courtney Austin <caustin@cs.utexas.edu>
Date:   Thu Mar 23 14:22:42 2017 -0500

    Adding band_table.css file

commit 4e8e8b0003a86c6d9c2c0737c78140de2d9f8e3d
Author: Courtney Austin <caustin@cs.utexas.edu>
Date:   Thu Mar 23 14:20:55 2017 -0500

    Adding band.png

commit 8c196858018a34c06bf013f3963749472c4f453d
Author: Courtney Austin <caustin@cs.utexas.edu>
Date:   Thu Mar 23 14:07:32 2017 -0500

    Adding the format and information about the bands

commit 049827215038725eedc158a3edc3e0b51f78d04e
Merge: 66e7d9f 180ec36
Author: Courtney Austin <caustin@cs.utexas.edu>
Date:   Thu Mar 23 13:58:27 2017 -0500

    Merge branch 'master' of https://github.com/humflelump/humflelump.github.io
    Adding Courtney's bio to about.html as well as changes to the  band pages
    :q

commit 66e7d9f4eecc9e949a5e14676c614010fce44f82
Author: Courtney Austin <caustin@cs.utexas.edu>
Date:   Thu Mar 23 13:56:24 2017 -0500

    Adding Courtney's bio

commit 180ec36427d10acd4bc07eff542059df2f19c9e6
Author: Lauren Kagetsu <lkagetsu@utexas.edu>
Date:   Thu Mar 23 13:47:38 2017 -0500

    format

commit 18ee3869b63c8547b33595c4ee3f63aaea2ad439
Author: fernandoruiz320 <fernando.ruiz320@gmail.com>
Date:   Thu Mar 23 12:34:02 2017 -0500

    Update label-emi.html

commit 353d9fb268d295edf79e1e6eb13fc4b6a76c6f1a
Author: Fernando Ruiz <fernando.ruiz320@utexas.edu>
Date:   Thu Mar 23 12:31:19 2017 -0500

    rename

commit b4fb0fcbdb5b18e0fb175f7cc0619dc9cd3fc69b
Author: Fernando Ruiz <fernando.ruiz320@utexas.edu>
Date:   Thu Mar 23 12:30:05 2017 -0500

    Updated Label pages

commit af514607b3e285b260762a8fb176acf947a58c7f
Author: Fernando Ruiz <fernando.ruiz320@utexas.edu>
Date:   Thu Mar 23 12:19:21 2017 -0500

    adding fernando's face to about page

commit f4418e6b5235c1bf3601773cb56ee6ab4c8c1112
Author: fernandoruiz320 <fernando.ruiz320@gmail.com>
Date:   Thu Mar 23 11:54:28 2017 -0500

    Added Fernando's bio

commit 2191f0d3ded962d2b862210db8607a5c37bdb2c4
Author: Mark Metzger <markmetzger@utexas.edu>
Date:   Thu Mar 23 11:46:43 2017 -0500

    renamed

commit e90dc1cd71f47b9a449e76f05592ce21102dcf59
Author: Mark Metzger <markmetzger@utexas.edu>
Date:   Thu Mar 23 11:44:49 2017 -0500

    fixed faces and added wiki link

commit e85fdd4b34859dab28ab96ec53493cec09a97ea6
Author: IanPhilips <iansp@utexas.edu>
Date:   Thu Mar 23 10:38:51 2017 -0500

    widened videos

commit d6520673f9f0390199d2bf0204f1f477edab6d7d
Author: IanPhilips <iansp@utexas.edu>
Date:   Thu Mar 23 10:33:03 2017 -0500

    finishing up genre pages

commit 6e4a6475b218df38d3bdbccfbec209864c06c2bd
Author: Lauren Kagetsu <lkagetsu@utexas.edu>
Date:   Wed Mar 22 23:43:05 2017 -0500

    band description for beatles and jackson 5

commit 5240345545096a54719299a875b1c4c0ca30abfe
Author: Lauren Kagetsu <lkagetsu@utexas.edu>
Date:   Wed Mar 22 23:19:42 2017 -0500

    none

commit 6634ce8944094467b373f1bdc82bf9968a83f723
Author: Lauren Kagetsu <lkagetsu@utexas.edu>
Date:   Wed Mar 22 23:13:04 2017 -0500

    Lauren about

commit 77081e4d693943aaa94d6e3e8bbc799c5c0f8dee
Author: IanPhilips <iansp@utexas.edu>
Date:   Wed Mar 22 23:03:47 2017 -0500

    added bio and pic for Ian

commit 738621fe07f26097372daa14e8ca6ed6b491db35
Author: IanPhilips <iansp@utexas.edu>
Date:   Wed Mar 22 22:53:11 2017 -0500

    updated tables.css for better looking table

commit 708342ff7e6c3e3424be98a83001947ee3f7f20c
Author: IanPhilips <iansp@utexas.edu>
Date:   Wed Mar 22 22:48:38 2017 -0500

    added genre files, need to fill them up though

commit bc7e21b1f0ebcb3fb580b4bc81a4ac61eaa44fb4
Author: IanPhilips <iansp@utexas.edu>
Date:   Wed Mar 22 22:38:12 2017 -0500

    updating genresTable

commit c53c5ed55262a479b0fe534272b60d0a2456f499
Merge: 3c536f9 8492e63
Author: IanPhilips <iansp@utexas.edu>
Date:   Wed Mar 22 22:20:55 2017 -0500

    Merge branch 'master' of https://github.com/humflelump/humflelump.github.io

commit 3c536f9a471b28d21968a4e357498a6f5ec7f9b6
Author: IanPhilips <iansp@utexas.edu>
Date:   Wed Mar 22 22:20:45 2017 -0500

    made my own tableGenres.css and prettyifying genres

commit 8492e631929eb68fd983e6ab1005ea95343fc7ba
Author: CAustin95 <courtneyaustin@utexas.edu>
Date:   Wed Mar 22 22:02:06 2017 -0500

    Updating band_table to include background.

commit 4e1b98c20bce6b23378cfe5fb263d50e49a252ec
Author: Mark Metzger <markmetzger@utexas.edu>
Date:   Wed Mar 22 21:31:58 2017 -0500

    added box to about.html

commit 9eb9a6494d0a4121471c5b5cd678400a4dd22425
Merge: 7d4af65 2cad84d
Author: Mark Metzger <markmetzger@utexas.edu>
Date:   Wed Mar 22 19:33:28 2017 -0500

    Merge branch 'master' of https://github.com/humflelump/humflelump.github.io

commit 2cad84d942fa61c77b1ce1ca3d0af6817819fbf9
Author: Ian Philips <iansp@cs.utexas.edu>
Date:   Wed Mar 22 19:27:15 2017 -0500

    working on genres page

commit 7d4af657ab4d386af699780f6771f6a2ea87fb28
Author: Mark Metzger <markmetzger@utexas.edu>
Date:   Wed Mar 22 19:27:07 2017 -0500

    worked on about page

commit e21717b1deb1c303ecad8fd86e2b074f32d0bef6
Merge: 941ad72 f89895d
Author: IanPhilips <iansp@utexas.edu>
Date:   Wed Mar 22 17:28:46 2017 -0500

    Merge branch 'master' of https://github.com/humflelump/humflelump.github.io

commit 941ad728f1f1a4730ab5effef06f20f365e978dc
Author: IanPhilips <iansp@utexas.edu>
Date:   Wed Mar 22 17:28:30 2017 -0500

    updating the genre table

commit f89895d0733ecf7f24b5a32f3ca54ad683f15161
Author: Mark Metzger <markmetzger@utexas.edu>
Date:   Wed Mar 22 16:52:07 2017 -0500

    worked on the splash page

commit fb1b9884d79ebf985896f6dee0106f34027c7aeb
Author: CAustin95 <courtneyaustin@utexas.edu>
Date:   Wed Mar 22 15:22:02 2017 -0500

    Create band_table

commit 65317d0c1ed58c2d1d763e83fb0349d51bd8eeeb
Author: Ian Philips <iansp@cs.utexas.edu>
Date:   Wed Mar 22 15:06:24 2017 -0500

    fixing it up

commit 1d979001b0dfb793036db185031fb467e55fe04c
Author: Ian Philips <iansp@cs.utexas.edu>
Date:   Wed Mar 22 14:48:46 2017 -0500

    moved table style css to css folder

commit a1d2bd8b44f4ab349a49e2dec4cc1c49d304b109
Author: Ian Philips <iansp@cs.utexas.edu>
Date:   Wed Mar 22 14:44:26 2017 -0500

    added standardized table html and css

commit c61d42604017a53fc428c294656fea03a0e722c0
Author: Mark Metzger <markmetzger@utexas.edu>
Date:   Wed Mar 22 14:28:44 2017 -0500

    added navigation and banner css; made folders

commit d39e80acddb5d0d69d261144a49cf1b720deee97
Author: Mark Metzger <markmetzger@utexas.edu>
Date:   Wed Mar 22 13:52:55 2017 -0500

    added initial html architecture

commit a27c2097c141902f9ba8e4d352fda63c2ed588b7
Author: humflelump <markmetzger@utexas.edu>
Date:   Tue Mar 21 21:15:55 2017 -0500

    Added CNAME file for custom domain (thebestbands.me)

commit 967db27079ef4414cdc9bb19e4f0b4fa809c44b8
Author: humflelump <markmetzger@utexas.edu>
Date:   Tue Mar 21 21:15:53 2017 -0500

    Initial commit
